Using pre-set license
Built from '2021.1/china_unity/release' branch; Version is '2021.1.15f1c1 (53017094f33d) revision 5439856'; Using compiler version '192528614'; Build Type 'Release'
OS: 'Windows 10 Home China; OS build 22000.100; Version 2009; 64bit' Language: 'zh' Physical Memory: 16193 MB
BatchMode: 1, IsHumanControllingUs: 0, StartBugReporterOnCrash: 0, Is64bit: 1, IsPro: 0

 COMMAND LINE ARGUMENTS:
C:\Program Files\Unity\Hub\Editor\2021.1.15f1c1\Editor\Unity.exe
-adb2
-batchMode
-noUpm
-name
AssetImportWorker0
-projectPath
D:/unity/3DBall
-logFile
Logs/AssetImportWorker0.log
-srvPort
61775
Successfully changed project path to: D:/unity/3DBall
D:/unity/3DBall
Using Asset Import Pipeline V2.
Refreshing native plugins compatible for Editor in 88.87 ms, found 1 plugins.
Preloading 0 native plugins for Editor in 0.00 ms.
Initialize engine version: 2021.1.15f1c1 (53017094f33d)
[Subsystems] Discovering subsystems at path C:/Program Files/Unity/Hub/Editor/2021.1.15f1c1/Editor/Data/Resources/UnitySubsystems
[Subsystems] Discovering subsystems at path D:/unity/3DBall/Assets
GfxDevice: creating device client; threaded=0; jobified=0
Direct3D:
    Version:  Direct3D 11.0 [level 11.1]
    Renderer: Intel(R) UHD Graphics 630 (ID=0x3e9b)
    Vendor:   Intel
    VRAM:     8096 MB
    Driver:   27.20.100.8681
Initialize mono
Mono path[0] = 'C:/Program Files/Unity/Hub/Editor/2021.1.15f1c1/Editor/Data/Managed'
Mono path[1] = 'C:/Program Files/Unity/Hub/Editor/2021.1.15f1c1/Editor/Data/MonoBleedingEdge/lib/mono/unityjit'
Mono config path = 'C:/Program Files/Unity/Hub/Editor/2021.1.15f1c1/Editor/Data/MonoBleedingEdge/etc'
Using monoOptions --debugger-agent=transport=dt_socket,embedding=1,server=y,suspend=n,address=127.0.0.1:56548
Begin MonoManager ReloadAssembly
Registering precompiled unity dll's ...
Register platform support module: C:/Program Files/Unity/Hub/Editor/2021.1.15f1c1/Editor/Data/PlaybackEngines/WindowsStandaloneSupport/UnityEditor.WindowsStandalone.Extensions.dll
Registered in 0.002883 seconds.
Native extension for WindowsStandalone target not found
Refreshing native plugins compatible for Editor in 76.17 ms, found 1 plugins.
Preloading 0 native plugins for Editor in 0.00 ms.
Mono: successfully reloaded assembly
- Completed reload, in  1.200 seconds
Domain Reload Profiling:
	ReloadAssembly (1200ms)
		BeginReloadAssembly (64ms)
			ExecutionOrderSort (0ms)
			DisableScriptedObjects (0ms)
			BackupInstance (0ms)
			ReleaseScriptingObjects (0ms)
			CreateAndSetChildDomain (1ms)
		EndReloadAssembly (478ms)
			LoadAssemblies (62ms)
			RebuildTransferFunctionScriptingTraits (0ms)
			SetupTypeCache (176ms)
			ReleaseScriptCaches (0ms)
			RebuildScriptCaches (33ms)
			SetupLoadedEditorAssemblies (220ms)
				LogAssemblyErrors (0ms)
				InitializePlatformSupportModulesInManaged (6ms)
				SetLoadedEditorAssemblies (0ms)
				RefreshPlugins (76ms)
				BeforeProcessingInitializeOnLoad (1ms)
				ProcessInitializeOnLoadAttributes (104ms)
				ProcessInitializeOnLoadMethodAttributes (32ms)
				AfterProcessingInitializeOnLoad (0ms)
				EditorAssembliesLoaded (0ms)
			ExecutionOrderSort2 (0ms)
			AwakeInstancesAfterBackupRestoration (0ms)
Platform modules already initialized, skipping
Registering precompiled user dll's ...
Registered in 0.006324 seconds.
Begin MonoManager ReloadAssembly
Symbol file LoadedFromMemory doesn't match image D:\unity\3DBall\Library\PackageCache\com.unity.visualscripting@1.6.1\Editor\VisualScripting.Core\Dependencies\YamlDotNet\Unity.VisualScripting.YamlDotNet.dll
Symbol file LoadedFromMemory doesn't match image D:\unity\3DBall\Library\PackageCache\com.unity.visualscripting@1.6.1\Editor\VisualScripting.Core\Dependencies\DotNetZip\Unity.VisualScripting.IonicZip.dll
Native extension for WindowsStandalone target not found
Refreshing native plugins compatible for Editor in 0.60 ms, found 1 plugins.
Preloading 0 native plugins for Editor in 0.00 ms.
Mono: successfully reloaded assembly
- Completed reload, in  1.206 seconds
Domain Reload Profiling:
	ReloadAssembly (1207ms)
		BeginReloadAssembly (166ms)
			ExecutionOrderSort (0ms)
			DisableScriptedObjects (4ms)
			BackupInstance (0ms)
			ReleaseScriptingObjects (0ms)
			CreateAndSetChildDomain (21ms)
		EndReloadAssembly (973ms)
			LoadAssemblies (104ms)
			RebuildTransferFunctionScriptingTraits (0ms)
			SetupTypeCache (375ms)
			ReleaseScriptCaches (1ms)
			RebuildScriptCaches (49ms)
			SetupLoadedEditorAssemblies (340ms)
				LogAssemblyErrors (0ms)
				InitializePlatformSupportModulesInManaged (6ms)
				SetLoadedEditorAssemblies (0ms)
				RefreshPlugins (1ms)
				BeforeProcessingInitializeOnLoad (74ms)
				ProcessInitializeOnLoadAttributes (244ms)
				ProcessInitializeOnLoadMethodAttributes (5ms)
				AfterProcessingInitializeOnLoad (10ms)
				EditorAssembliesLoaded (0ms)
			ExecutionOrderSort2 (0ms)
			AwakeInstancesAfterBackupRestoration (7ms)
Platform modules already initialized, skipping
========================================================================
Worker process is ready to serve import requests
Launched and connected shader compiler UnityShaderCompiler.exe after 0.05 seconds
Refreshing native plugins compatible for Editor in 0.47 ms, found 1 plugins.
Preloading 0 native plugins for Editor in 0.00 ms.
Unloading 2820 Unused Serialized files (Serialized files now loaded: 0)
System memory in use before: 103.0 MB.
System memory in use after: 103.2 MB.

Unloading 22 unused Assets to reduce memory usage. Loaded Objects now: 3266.
Total: 2.663500 ms (FindLiveObjects: 0.256400 ms CreateObjectMapping: 0.122000 ms MarkObjects: 2.217200 ms  DeleteObjects: 0.067100 ms)

AssetImportParameters requested are different than current active one (requested -> active):
  custom:framework-win-MediaFoundation: 216162199b28c13a410421893ffa2e32 -> 
  custom:video-decoder-ogg-theora: a1e56fd34408186e4bbccfd4996cb3dc -> 
  custom:container-muxer-webm: aa71ff27fc2769a1b78a27578f13a17b -> 
  custom:container-demuxer-webm: 4f35f7cbe854078d1ac9338744f61a02 -> 
  custom:container-demuxer-ogg: 62fdf1f143b41e24485cea50d1cbac27 -> 
  custom:video-encoder-webm-vp8: eb34c28f22e8b96e1ab97ce403110664 -> 
  custom:video-codec-MediaFoundation-h265: 746d11721c4dcdbdad8f713fa42b33f4 -> 
  custom:video-decoder-webm-vp8: 9c59270c3fd7afecdb556c50c9e8de78 -> 
  custom:audio-decoder-ogg-vorbis: bf7c407c2cedff20999df2af8eb42d56 -> 
  custom:audio-encoder-webm-vorbis: bf7c407c2cedff20999df2af8eb42d56 -> 
========================================================================
Received Import Request.
  path: Assets/SampleAssets/Prefabs/CubePrototype08x08x08.prefab
  artifactKey: Guid(90d8e09703679534295bd2cacb73d6de) Importer(2089858483,934ff659095e30574adcf32a4c2f97b5)
Start importing Assets/SampleAssets/Prefabs/CubePrototype08x08x08.prefab using Guid(90d8e09703679534295bd2cacb73d6de) Importer(2089858483,934ff659095e30574adcf32a4c2f97b5)  -> (artifact id: 'f40126e93c45b395b6e847d044ec419c') in 0.083991 seconds 
========================================================================
Received Import Request.
  Time since last request: 0.000240 seconds.
  path: Assets/SampleAssets/Models/PlatformPrototype02x01x02.fbx
  artifactKey: Guid(38a9d3cc5c1e0aa4f92ff3445b73ed7f) Importer(2089858483,934ff659095e30574adcf32a4c2f97b5)
Start importing Assets/SampleAssets/Models/PlatformPrototype02x01x02.fbx using Guid(38a9d3cc5c1e0aa4f92ff3445b73ed7f) Importer(2089858483,934ff659095e30574adcf32a4c2f97b5)  -> (artifact id: 'bb259be0716d2488e515c3a034c2b909') in 0.213173 seconds 
========================================================================
Received Import Request.
  Time since last request: 0.000365 seconds.
  path: Assets/SampleAssets/Textures/SwatchNavyDarkAlbedo.png
  artifactKey: Guid(a336ccf90791f9841b7e680c010d1e88) Importer(2089858483,934ff659095e30574adcf32a4c2f97b5)
Start importing Assets/SampleAssets/Textures/SwatchNavyDarkAlbedo.png using Guid(a336ccf90791f9841b7e680c010d1e88) Importer(2089858483,934ff659095e30574adcf32a4c2f97b5)  -> (artifact id: 'a95b56ab1f99c3777fe0f81e47af48c3') in 0.033854 seconds 
========================================================================
Received Import Request.
  Time since last request: 0.000371 seconds.
  path: Assets/SampleAssets/Prefabs/JoinInnerPrototype01x06x01.prefab
  artifactKey: Guid(9ae7f9f9eacff4142b21eb85ae606fdc) Importer(2089858483,934ff659095e30574adcf32a4c2f97b5)
Start importing Assets/SampleAssets/Prefabs/JoinInnerPrototype01x06x01.prefab using Guid(9ae7f9f9eacff4142b21eb85ae606fdc) Importer(2089858483,934ff659095e30574adcf32a4c2f97b5)  -> (artifact id: '70299f5087ed48b6256aa2520c2cab1d') in 0.006644 seconds 
========================================================================
Received Import Request.
  Time since last request: 0.000394 seconds.
  path: Assets/SampleAssets/Textures/SwatchWhiteAlbedo.png
  artifactKey: Guid(9d0b29cecf2678b41982d2173d3670ff) Importer(2089858483,934ff659095e30574adcf32a4c2f97b5)
Start importing Assets/SampleAssets/Textures/SwatchWhiteAlbedo.png using Guid(9d0b29cecf2678b41982d2173d3670ff) Importer(2089858483,934ff659095e30574adcf32a4c2f97b5)  -> (artifact id: '1f587012bdcc7da4627879b4ca4d9360') in 0.007729 seconds 
========================================================================
Received Import Request.
  Time since last request: 0.000592 seconds.
  path: Assets/SampleAssets/Prefabs/PillarPrototype02x08x02.prefab
  artifactKey: Guid(44884af1ac1d64d42902da40268ba120) Importer(2089858483,934ff659095e30574adcf32a4c2f97b5)
Start importing Assets/SampleAssets/Prefabs/PillarPrototype02x08x02.prefab using Guid(44884af1ac1d64d42902da40268ba120) Importer(2089858483,934ff659095e30574adcf32a4c2f97b5)  -> (artifact id: '8fd30ec1c998226113f76c7e1c712269') in 0.007358 seconds 
========================================================================
Received Import Request.
  Time since last request: 0.000382 seconds.
  path: Assets/SampleAssets/Prefabs/FloorPrototype04x01x04.prefab
  artifactKey: Guid(4620f3c93dca8c94c9124d8ba443f43e) Importer(2089858483,934ff659095e30574adcf32a4c2f97b5)
Start importing Assets/SampleAssets/Prefabs/FloorPrototype04x01x04.prefab using Guid(4620f3c93dca8c94c9124d8ba443f43e) Importer(2089858483,934ff659095e30574adcf32a4c2f97b5)  -> (artifact id: '247b495e883e3b57db66d33f148cc3d0') in 0.008503 seconds 
========================================================================
Received Import Request.
  Time since last request: 0.000722 seconds.
  path: Assets/SampleAssets/Materials/YellowGrid.mat
  artifactKey: Guid(82096aab38f01cb40a1cbf8629a810ba) Importer(2089858483,934ff659095e30574adcf32a4c2f97b5)
Start importing Assets/SampleAssets/Materials/YellowGrid.mat using Guid(82096aab38f01cb40a1cbf8629a810ba) Importer(2089858483,934ff659095e30574adcf32a4c2f97b5)  -> (artifact id: 'fb0c11c60f513f472899e00237e4fa5b') in 0.011952 seconds 
========================================================================
Received Import Request.
  Time since last request: 0.000333 seconds.
  path: Assets/SampleAssets/Models/JoinMidPrototype04x06x01.fbx
  artifactKey: Guid(40384240c1c82b94db82531689571ab0) Importer(2089858483,934ff659095e30574adcf32a4c2f97b5)
Start importing Assets/SampleAssets/Models/JoinMidPrototype04x06x01.fbx using Guid(40384240c1c82b94db82531689571ab0) Importer(2089858483,934ff659095e30574adcf32a4c2f97b5)  -> (artifact id: 'c66bd411e90e22e117c5a90110f6b6c4') in 0.016048 seconds 
========================================================================
Received Import Request.
  Time since last request: 0.000344 seconds.
  path: Assets/SampleAssets/Prefabs/CubePrototype04x04x04.prefab
  artifactKey: Guid(5d2e4237b4429b34fae4c9eb3cd9efd5) Importer(2089858483,934ff659095e30574adcf32a4c2f97b5)
Start importing Assets/SampleAssets/Prefabs/CubePrototype04x04x04.prefab using Guid(5d2e4237b4429b34fae4c9eb3cd9efd5) Importer(2089858483,934ff659095e30574adcf32a4c2f97b5)  -> (artifact id: 'fa6c516ba0dde3078fe3f67901bf4793') in 0.010145 seconds 
========================================================================
Received Import Request.
  Time since last request: 0.000321 seconds.
  path: Assets/SampleAssets/Fonts/PressStart2P-Regular.ttf
  artifactKey: Guid(b284a6525342f44599e9ce79e37c2d61) Importer(2089858483,934ff659095e30574adcf32a4c2f97b5)
Start importing Assets/SampleAssets/Fonts/PressStart2P-Regular.ttf using Guid(b284a6525342f44599e9ce79e37c2d61) Importer(2089858483,934ff659095e30574adcf32a4c2f97b5)  -> (artifact id: '29e7df23309fd7c516f55e297065c15d') in 0.046745 seconds 
========================================================================
Received Import Request.
  Time since last request: 0.000487 seconds.
  path: Assets/SampleAssets/Models/WallPrototype08x08x01.fbx
  artifactKey: Guid(b5290684820a94548bedb95083785116) Importer(2089858483,934ff659095e30574adcf32a4c2f97b5)
Start importing Assets/SampleAssets/Models/WallPrototype08x08x01.fbx using Guid(b5290684820a94548bedb95083785116) Importer(2089858483,934ff659095e30574adcf32a4c2f97b5)  -> (artifact id: 'dbb4cc9ac46e668bbdd7172c659f92d1') in 0.010764 seconds 
========================================================================
Received Import Request.
  Time since last request: 0.000784 seconds.
  path: Assets/Unity.VisualScripting.Generated/VisualScripting.Flow/ProjectSettings.asset
  artifactKey: Guid(3c4074c85a61e3640b0f6d89fdbd4208) Importer(2089858483,934ff659095e30574adcf32a4c2f97b5)
Start importing Assets/Unity.VisualScripting.Generated/VisualScripting.Flow/ProjectSettings.asset using Guid(3c4074c85a61e3640b0f6d89fdbd4208) Importer(2089858483,934ff659095e30574adcf32a4c2f97b5)  -> (artifact id: 'e3d4745f66b67ada90cc1a00bab554de') in 0.192769 seconds 
========================================================================
Received Import Request.
  Time since last request: 0.000226 seconds.
  path: Assets/SampleAssets/Materials/NavySmooth.mat
  artifactKey: Guid(1032d41f900276c40a9dd24f55b7d420) Importer(2089858483,934ff659095e30574adcf32a4c2f97b5)
Start importing Assets/SampleAssets/Materials/NavySmooth.mat using Guid(1032d41f900276c40a9dd24f55b7d420) Importer(2089858483,934ff659095e30574adcf32a4c2f97b5)  -> (artifact id: 'cb4f2b19e366f719c73bc4de09b6fa87') in 0.008857 seconds 
========================================================================
Received Import Request.
  Time since last request: 0.000522 seconds.
  path: Assets/SampleAssets/Models/PillarPrototype02x08x02.fbx
  artifactKey: Guid(66a13889798137c498eae4b3acdafe19) Importer(2089858483,934ff659095e30574adcf32a4c2f97b5)
Start importing Assets/SampleAssets/Models/PillarPrototype02x08x02.fbx using Guid(66a13889798137c498eae4b3acdafe19) Importer(2089858483,934ff659095e30574adcf32a4c2f97b5)  -> (artifact id: 'a66f37edb7b7e3d61f7d226021ad21c5') in 0.010702 seconds 
========================================================================
Received Import Request.
  Time since last request: 0.000353 seconds.
  path: Assets/SampleAssets/Textures/SwatchYellowAlbedo.png
  artifactKey: Guid(b4646ae63b0bcca40b1bdde3b87e01bf) Importer(2089858483,934ff659095e30574adcf32a4c2f97b5)
Start importing Assets/SampleAssets/Textures/SwatchYellowAlbedo.png using Guid(b4646ae63b0bcca40b1bdde3b87e01bf) Importer(2089858483,934ff659095e30574adcf32a4c2f97b5)  -> (artifact id: '8740e0d767acf48b2d04a89d1e2e9c20') in 0.010401 seconds 
========================================================================
Received Import Request.
  Time since last request: 0.000403 seconds.
  path: Assets/SampleAssets/Textures/SwatchOrangeAlbedo.png
  artifactKey: Guid(8b939c5b46fae7e49af7d85f731ba4ec) Importer(2089858483,934ff659095e30574adcf32a4c2f97b5)
Start importing Assets/SampleAssets/Textures/SwatchOrangeAlbedo.png using Guid(8b939c5b46fae7e49af7d85f731ba4ec) Importer(2089858483,934ff659095e30574adcf32a4c2f97b5)  -> (artifact id: 'a2c0977546b3d762f95fde1ab29a2c29') in 0.007839 seconds 
========================================================================
Received Import Request.
  Time since last request: 0.000332 seconds.
  path: Assets/SampleAssets/Textures/SwatchNavyAlbedo.png
  artifactKey: Guid(86e4aa9207c9e2740b6ace599d659c05) Importer(2089858483,934ff659095e30574adcf32a4c2f97b5)
Start importing Assets/SampleAssets/Textures/SwatchNavyAlbedo.png using Guid(86e4aa9207c9e2740b6ace599d659c05) Importer(2089858483,934ff659095e30574adcf32a4c2f97b5)  -> (artifact id: 'a532eeb2c76e8c9a66c3516e4b40023f') in 0.009801 seconds 
========================================================================
Received Import Request.
  Time since last request: 0.000312 seconds.
  path: Assets/SampleAssets/Models/PillarPrototype01x02x01.fbx
  artifactKey: Guid(25712b9d3dd0eb4439390fb8fea8043e) Importer(2089858483,934ff659095e30574adcf32a4c2f97b5)
Start importing Assets/SampleAssets/Models/PillarPrototype01x02x01.fbx using Guid(25712b9d3dd0eb4439390fb8fea8043e) Importer(2089858483,934ff659095e30574adcf32a4c2f97b5)  -> (artifact id: 'ff47b2b5df5e6b8db121c63f7a1f6db2') in 0.006827 seconds 
========================================================================
Received Import Request.
  Time since last request: 0.000790 seconds.
  path: Assets/SampleAssets/PlayerCamera/Scripts/PlayerCameraFreeLook.cs
  artifactKey: Guid(e44af8091779fcb40801d5b284353dbe) Importer(2089858483,934ff659095e30574adcf32a4c2f97b5)
Start importing Assets/SampleAssets/PlayerCamera/Scripts/PlayerCameraFreeLook.cs using Guid(e44af8091779fcb40801d5b284353dbe) Importer(2089858483,934ff659095e30574adcf32a4c2f97b5)  -> (artifact id: 'eb859069c91f430d86b2514188f9ed3c') in 0.019247 seconds 
========================================================================
Received Import Request.
  Time since last request: 0.000507 seconds.
  path: Assets/SampleAssets/Models/CubePrototype08x08x08.fbx
  artifactKey: Guid(c09052c9b19f0ea4987bc4f4f981252f) Importer(2089858483,934ff659095e30574adcf32a4c2f97b5)
Start importing Assets/SampleAssets/Models/CubePrototype08x08x08.fbx using Guid(c09052c9b19f0ea4987bc4f4f981252f) Importer(2089858483,934ff659095e30574adcf32a4c2f97b5)  -> (artifact id: 'fa199c217af320c761d69b7532e46d7b') in 0.009074 seconds 
========================================================================
Received Import Request.
  Time since last request: 0.000274 seconds.
  path: Assets/SampleAssets/Models/CubePrototype02x02x02.fbx
  artifactKey: Guid(df4796b594b970842b69211cb0078c5d) Importer(2089858483,934ff659095e30574adcf32a4c2f97b5)
Start importing Assets/SampleAssets/Models/CubePrototype02x02x02.fbx using Guid(df4796b594b970842b69211cb0078c5d) Importer(2089858483,934ff659095e30574adcf32a4c2f97b5)  -> (artifact id: '795f7ab9acd6b9666b106f84c42aacfa') in 0.012228 seconds 
========================================================================
Received Import Request.
  Time since last request: 0.000293 seconds.
  path: Assets/SampleAssets/Models/JoinInnerPrototype01x06x01.fbx
  artifactKey: Guid(f45b6695d6226cd48abfc605723cc3ae) Importer(2089858483,934ff659095e30574adcf32a4c2f97b5)
Start importing Assets/SampleAssets/Models/JoinInnerPrototype01x06x01.fbx using Guid(f45b6695d6226cd48abfc605723cc3ae) Importer(2089858483,934ff659095e30574adcf32a4c2f97b5)  -> (artifact id: '7e425888fe610f47f5746ce457833733') in 0.014400 seconds 
========================================================================
Received Import Request.
  Time since last request: 0.000293 seconds.
  path: Assets/SampleAssets/Prefabs/RampPrototype04x02x02.prefab
  artifactKey: Guid(4e11ef4f39bc65e44a4b0755ecac6ea1) Importer(2089858483,934ff659095e30574adcf32a4c2f97b5)
Start importing Assets/SampleAssets/Prefabs/RampPrototype04x02x02.prefab using Guid(4e11ef4f39bc65e44a4b0755ecac6ea1) Importer(2089858483,934ff659095e30574adcf32a4c2f97b5)  -> (artifact id: '8bcd4c2241ac5e04ff4510812e208681') in 0.005011 seconds 
========================================================================
Received Import Request.
  Time since last request: 0.000275 seconds.
  path: Assets/SampleAssets/PlayerCamera/Prefabs/PlayerCameraFreeLook.prefab
  artifactKey: Guid(49a0e923d39ec3c4c8bb97699e2f2903) Importer(2089858483,934ff659095e30574adcf32a4c2f97b5)
Start importing Assets/SampleAssets/PlayerCamera/Prefabs/PlayerCameraFreeLook.prefab using Guid(49a0e923d39ec3c4c8bb97699e2f2903) Importer(2089858483,934ff659095e30574adcf32a4c2f97b5)  -> (artifact id: '2290722dadc52e6d84c51ec80e97952e') in 0.012675 seconds 
========================================================================
Received Import Request.
  Time since last request: 0.000375 seconds.
  path: Assets/SampleAssets/Models/StepsPrototype04x02x02.fbx
  artifactKey: Guid(900e53dd850c9cc4281be6fa21bdfea5) Importer(2089858483,934ff659095e30574adcf32a4c2f97b5)
Start importing Assets/SampleAssets/Models/StepsPrototype04x02x02.fbx using Guid(900e53dd850c9cc4281be6fa21bdfea5) Importer(2089858483,934ff659095e30574adcf32a4c2f97b5)  -> (artifact id: 'fefb8dbf68afda4fb48adbc2221257e3') in 0.011507 seconds 
========================================================================
Received Import Request.
  Time since last request: 0.000715 seconds.
  path: Assets/SampleAssets/Prefabs/PlatformPrototype04x01x04.prefab
  artifactKey: Guid(831c1389ceffed84d947c9aa3fc86ac2) Importer(2089858483,934ff659095e30574adcf32a4c2f97b5)
Start importing Assets/SampleAssets/Prefabs/PlatformPrototype04x01x04.prefab using Guid(831c1389ceffed84d947c9aa3fc86ac2) Importer(2089858483,934ff659095e30574adcf32a4c2f97b5)  -> (artifact id: 'e5a92bc0cac882e463231e051cd0f283') in 0.005606 seconds 
========================================================================
Received Import Request.
  Time since last request: 0.000371 seconds.
  path: Assets/SampleAssets/Textures/SwatchTurquoiseAlbedo.png
  artifactKey: Guid(9c4d7ee42c7d4f944b2ce9d370fa265c) Importer(2089858483,934ff659095e30574adcf32a4c2f97b5)
Start importing Assets/SampleAssets/Textures/SwatchTurquoiseAlbedo.png using Guid(9c4d7ee42c7d4f944b2ce9d370fa265c) Importer(2089858483,934ff659095e30574adcf32a4c2f97b5)  -> (artifact id: '3ffe9ad97508e6eead43b39577897f01') in 0.011042 seconds 
========================================================================
Received Import Request.
  Time since last request: 0.000348 seconds.
  path: Assets/SampleAssets/Prefabs/FloorPrototype08x01x08.prefab
  artifactKey: Guid(584a8ef4749c89745b7ae07f3ba7617f) Importer(2089858483,934ff659095e30574adcf32a4c2f97b5)
Start importing Assets/SampleAssets/Prefabs/FloorPrototype08x01x08.prefab using Guid(584a8ef4749c89745b7ae07f3ba7617f) Importer(2089858483,934ff659095e30574adcf32a4c2f97b5)  -> (artifact id: 'f52d58eade4e9df09aeb68a9d60b29a6') in 0.011513 seconds 
========================================================================
Received Import Request.
  Time since last request: 0.001077 seconds.
  path: Assets/SampleAssets/Materials/PinkSmooth.mat
  artifactKey: Guid(fed4e78bda2b3de45954637fee164b8c) Importer(2089858483,934ff659095e30574adcf32a4c2f97b5)
Start importing Assets/SampleAssets/Materials/PinkSmooth.mat using Guid(fed4e78bda2b3de45954637fee164b8c) Importer(2089858483,934ff659095e30574adcf32a4c2f97b5)  -> (artifact id: '1c3777bd5abe3015f036492b4cfab316') in 0.006039 seconds 
========================================================================
Received Import Request.
  Time since last request: 0.000347 seconds.
  path: Assets/Game/Prefabs/PlayerCharacter.prefab
  artifactKey: Guid(9baf556e946cb0743aadad3a226113dd) Importer(2089858483,934ff659095e30574adcf32a4c2f97b5)
Start importing Assets/Game/Prefabs/PlayerCharacter.prefab using Guid(9baf556e946cb0743aadad3a226113dd) Importer(2089858483,934ff659095e30574adcf32a4c2f97b5)  -> (artifact id: '8bc3effccf8c6e9c3be3a48afa2b9f5b') in 0.005022 seconds 
========================================================================
Received Import Request.
  Time since last request: 0.000547 seconds.
  path: Assets/SampleAssets/Prefabs/HousePrototype16x16x24.prefab
  artifactKey: Guid(5862bbfe91a75054ca72c13b555b6ac5) Importer(2089858483,934ff659095e30574adcf32a4c2f97b5)
Start importing Assets/SampleAssets/Prefabs/HousePrototype16x16x24.prefab using Guid(5862bbfe91a75054ca72c13b555b6ac5) Importer(2089858483,934ff659095e30574adcf32a4c2f97b5)  -> (artifact id: 'c7569d41ec61ccf4fe0a8b0146659a99') in 0.010489 seconds 
========================================================================
Received Import Request.
  Time since last request: 0.000367 seconds.
  path: Assets/SampleAssets/Models/JoinOuterPrototype02x06x02.fbx
  artifactKey: Guid(6386a10e23c45d040a22051e6ae3b70f) Importer(2089858483,934ff659095e30574adcf32a4c2f97b5)
Start importing Assets/SampleAssets/Models/JoinOuterPrototype02x06x02.fbx using Guid(6386a10e23c45d040a22051e6ae3b70f) Importer(2089858483,934ff659095e30574adcf32a4c2f97b5)  -> (artifact id: '7f6f62896cf7ebbc8d6a0f8dc29c9e56') in 0.009071 seconds 
========================================================================
Received Import Request.
  Time since last request: 0.000353 seconds.
  path: Assets/SampleAssets/Sound/Background.wav
  artifactKey: Guid(b5e265f81dc3af64a989125ea762b37e) Importer(2089858483,934ff659095e30574adcf32a4c2f97b5)
Start importing Assets/SampleAssets/Sound/Background.wav using Guid(b5e265f81dc3af64a989125ea762b37e) Importer(2089858483,934ff659095e30574adcf32a4c2f97b5)  -> (artifact id: 'ce8ac38d239ee27d039ec9813797b12d') in 0.066229 seconds 
========================================================================
Received Import Request.
  Time since last request: 0.000466 seconds.
  path: Assets/SampleAssets/Textures/SwatchPinkDAlbedo.png
  artifactKey: Guid(580615edf5e29d245af58fc5fe2b06ac) Importer(2089858483,934ff659095e30574adcf32a4c2f97b5)
Start importing Assets/SampleAssets/Textures/SwatchPinkDAlbedo.png using Guid(580615edf5e29d245af58fc5fe2b06ac) Importer(2089858483,934ff659095e30574adcf32a4c2f97b5)  -> (artifact id: '8f3d0958fc8ff6f1e066a216050164dc') in 0.009367 seconds 
========================================================================
Received Import Request.
  Time since last request: 0.000665 seconds.
  path: Assets/SampleAssets/Materials/YellowSmooth.mat
  artifactKey: Guid(6e1d36c4bbd37d54f9ea183e4f5fd656) Importer(2089858483,934ff659095e30574adcf32a4c2f97b5)
Start importing Assets/SampleAssets/Materials/YellowSmooth.mat using Guid(6e1d36c4bbd37d54f9ea183e4f5fd656) Importer(2089858483,934ff659095e30574adcf32a4c2f97b5)  -> (artifact id: 'b63c1d7e548602e77488bd541fc349e9') in 0.017949 seconds 
========================================================================
Received Import Request.
  Time since last request: 0.000405 seconds.
  path: Assets/SampleAssets/Prefabs/CubePrototype02x02x02.prefab
  artifactKey: Guid(2b127815fd0f2074eae3a0c6a4786d0b) Importer(2089858483,934ff659095e30574adcf32a4c2f97b5)
Start importing Assets/SampleAssets/Prefabs/CubePrototype02x02x02.prefab using Guid(2b127815fd0f2074eae3a0c6a4786d0b) Importer(2089858483,934ff659095e30574adcf32a4c2f97b5)  -> (artifact id: '548cf24b0df3fb5d2ad730f569536a76') in 0.010379 seconds 
========================================================================
Received Import Request.
  Time since last request: 0.000422 seconds.
  path: Assets/SampleAssets/PlayerCamera/CameraGuidelines.txt
  artifactKey: Guid(86f4276d9602ff547968823666aa5699) Importer(2089858483,934ff659095e30574adcf32a4c2f97b5)
Start importing Assets/SampleAssets/PlayerCamera/CameraGuidelines.txt using Guid(86f4276d9602ff547968823666aa5699) Importer(2089858483,934ff659095e30574adcf32a4c2f97b5)  -> (artifact id: '4c32f042f5d82a4df5da47ea1d3476e3') in 0.041412 seconds 
========================================================================
Received Import Request.
  Time since last request: 0.000654 seconds.
  path: Assets/SampleAssets/Prefabs/BlockPrototype04x04x04.prefab
  artifactKey: Guid(ab33e6080ae416b4d899f39fa8951b98) Importer(2089858483,934ff659095e30574adcf32a4c2f97b5)
Start importing Assets/SampleAssets/Prefabs/BlockPrototype04x04x04.prefab using Guid(ab33e6080ae416b4d899f39fa8951b98) Importer(2089858483,934ff659095e30574adcf32a4c2f97b5)  -> (artifact id: '72766c04fcca4bf6e437aed1ace0e8fb') in 0.006231 seconds 
========================================================================
Received Import Request.
  Time since last request: 0.000366 seconds.
  path: Assets/SampleAssets/Materials/PinkGrid.mat
  artifactKey: Guid(8c19a618a0bd9844583b91dca0875a34) Importer(2089858483,934ff659095e30574adcf32a4c2f97b5)
Start importing Assets/SampleAssets/Materials/PinkGrid.mat using Guid(8c19a618a0bd9844583b91dca0875a34) Importer(2089858483,934ff659095e30574adcf32a4c2f97b5)  -> (artifact id: '34449e69fda14edc472534e2a6fff772') in 0.008062 seconds 
========================================================================
Received Import Request.
  Time since last request: 0.000351 seconds.
  path: Assets/SampleAssets/Models/PickupPrototype01x01x01.fbx
  artifactKey: Guid(00718395eefb6084bb25555f962f25c0) Importer(2089858483,934ff659095e30574adcf32a4c2f97b5)
Start importing Assets/SampleAssets/Models/PickupPrototype01x01x01.fbx using Guid(00718395eefb6084bb25555f962f25c0) Importer(2089858483,934ff659095e30574adcf32a4c2f97b5)  -> (artifact id: 'a25d36f9417be2bbc612d2c8b513865a') in 0.009193 seconds 
========================================================================
Received Import Request.
  Time since last request: 0.000407 seconds.
  path: Assets/SampleAssets/Models/PlatformPrototype04x01x04.fbx
  artifactKey: Guid(bc2ed85df3924a4458576f17e8b10057) Importer(2089858483,934ff659095e30574adcf32a4c2f97b5)
Start importing Assets/SampleAssets/Models/PlatformPrototype04x01x04.fbx using Guid(bc2ed85df3924a4458576f17e8b10057) Importer(2089858483,934ff659095e30574adcf32a4c2f97b5)  -> (artifact id: '7052782c410cb574974659aaf849e0f1') in 0.014101 seconds 
========================================================================
Received Import Request.
  Time since last request: 0.000830 seconds.
  path: Assets/SampleAssets/Prefabs/JoinMidPrototype04x06x01.prefab
  artifactKey: Guid(04a24b5e91096bd4e8ae6fba35c4dbf8) Importer(2089858483,934ff659095e30574adcf32a4c2f97b5)
Start importing Assets/SampleAssets/Prefabs/JoinMidPrototype04x06x01.prefab using Guid(04a24b5e91096bd4e8ae6fba35c4dbf8) Importer(2089858483,934ff659095e30574adcf32a4c2f97b5)  -> (artifact id: '6aa413a54d56bc0b1a044128103b762e') in 0.005600 seconds 
========================================================================
Received Import Request.
  Time since last request: 0.000726 seconds.
  path: Assets/SampleAssets/Fonts/OFL.txt
  artifactKey: Guid(5014456921e71459d869c8378fed6ca3) Importer(2089858483,934ff659095e30574adcf32a4c2f97b5)
Start importing Assets/SampleAssets/Fonts/OFL.txt using Guid(5014456921e71459d869c8378fed6ca3) Importer(2089858483,934ff659095e30574adcf32a4c2f97b5)  -> (artifact id: '90018eef9763d40df9d5ac32276b6e81') in 0.010286 seconds 
========================================================================
Received Import Request.
  Time since last request: 0.000454 seconds.
  path: Assets/SampleAssets/PlayerCamera/Scripts/PlayerCamera.cs
  artifactKey: Guid(89a534d869bfccd49bebf7cb6fb244b6) Importer(2089858483,934ff659095e30574adcf32a4c2f97b5)
Start importing Assets/SampleAssets/PlayerCamera/Scripts/PlayerCamera.cs using Guid(89a534d869bfccd49bebf7cb6fb244b6) Importer(2089858483,934ff659095e30574adcf32a4c2f97b5)  -> (artifact id: 'a420123ce1285d217661164893d7b790') in 0.010630 seconds 
========================================================================
Received Import Request.
  Time since last request: 0.000314 seconds.
  path: Assets/SampleAssets/Sound/Pickup.wav
  artifactKey: Guid(12238f84ea01f61498a4ffdd188b08b1) Importer(2089858483,934ff659095e30574adcf32a4c2f97b5)
Start importing Assets/SampleAssets/Sound/Pickup.wav using Guid(12238f84ea01f61498a4ffdd188b08b1) Importer(2089858483,934ff659095e30574adcf32a4c2f97b5)  -> (artifact id: '8c75060b976aa66b4663fa545a4e8610') in 0.012347 seconds 
========================================================================
Received Import Request.
  Time since last request: 0.000828 seconds.
  path: Assets/SampleAssets/Models/BlockPrototype04x04x04.fbx
  artifactKey: Guid(622a87b3379022740be7e2efea3ebd33) Importer(2089858483,934ff659095e30574adcf32a4c2f97b5)
Start importing Assets/SampleAssets/Models/BlockPrototype04x04x04.fbx using Guid(622a87b3379022740be7e2efea3ebd33) Importer(2089858483,934ff659095e30574adcf32a4c2f97b5)  -> (artifact id: 'cd7ebe7395aeeb8731c4c7d0db7767fe') in 0.012074 seconds 
========================================================================
Received Import Request.
  Time since last request: 0.000660 seconds.
  path: Assets/SampleAssets/Models/PlatformPrototype08x01x08.fbx
  artifactKey: Guid(879dd62cbfd65314d812354e257fc5cc) Importer(2089858483,934ff659095e30574adcf32a4c2f97b5)
Start importing Assets/SampleAssets/Models/PlatformPrototype08x01x08.fbx using Guid(879dd62cbfd65314d812354e257fc5cc) Importer(2089858483,934ff659095e30574adcf32a4c2f97b5)  -> (artifact id: '97862b88002010483fe936700ada0ce5') in 0.007972 seconds 
========================================================================
Received Import Request.
  Time since last request: 0.000335 seconds.
  path: Assets/SampleAssets/Prefabs/PickupPrototype.prefab
  artifactKey: Guid(c02747e7134ef1948a039c94a8f33c5b) Importer(2089858483,934ff659095e30574adcf32a4c2f97b5)
Start importing Assets/SampleAssets/Prefabs/PickupPrototype.prefab using Guid(c02747e7134ef1948a039c94a8f33c5b) Importer(2089858483,934ff659095e30574adcf32a4c2f97b5)  -> (artifact id: '0b8b6aada51553c96c74ea51d70838c6') in 0.015862 seconds 
========================================================================
Received Import Request.
  Time since last request: 0.000550 seconds.
  path: Assets/SampleAssets/Prefabs/FloorPrototype64x01x64.prefab
  artifactKey: Guid(3681543e5b0f59742b73073cb379cdc6) Importer(2089858483,934ff659095e30574adcf32a4c2f97b5)
Start importing Assets/SampleAssets/Prefabs/FloorPrototype64x01x64.prefab using Guid(3681543e5b0f59742b73073cb379cdc6) Importer(2089858483,934ff659095e30574adcf32a4c2f97b5)  -> (artifact id: 'aa5a90ada9add57bcf87d11a37d7df78') in 0.007404 seconds 
========================================================================
Received Import Request.
  Time since last request: 0.000513 seconds.
  path: Assets/SampleAssets/Textures/SwatchTealAlbedo.png
  artifactKey: Guid(590546bcbd472d94e874f6e0c76cc266) Importer(2089858483,934ff659095e30574adcf32a4c2f97b5)
Start importing Assets/SampleAssets/Textures/SwatchTealAlbedo.png using Guid(590546bcbd472d94e874f6e0c76cc266) Importer(2089858483,934ff659095e30574adcf32a4c2f97b5)  -> (artifact id: 'be48fa52115472a668346b17fa2cbf7d') in 0.008070 seconds 
========================================================================
Received Import Request.
  Time since last request: 0.000427 seconds.
  path: Assets/SampleAssets/Prefabs/JoinOuterPrototype02x06x02.prefab
  artifactKey: Guid(b321aed21e0872743a175d8dbbe12ac8) Importer(2089858483,934ff659095e30574adcf32a4c2f97b5)
Start importing Assets/SampleAssets/Prefabs/JoinOuterPrototype02x06x02.prefab using Guid(b321aed21e0872743a175d8dbbe12ac8) Importer(2089858483,934ff659095e30574adcf32a4c2f97b5)  -> (artifact id: 'ff25b3964c422f129a9b2f24f404133a') in 0.010769 seconds 
========================================================================
Received Import Request.
  Time since last request: 0.000470 seconds.
  path: Assets/SampleAssets/Materials/NavyGrid.mat
  artifactKey: Guid(76ff537c8e1a84345868e6aeee938ab3) Importer(2089858483,934ff659095e30574adcf32a4c2f97b5)
Start importing Assets/SampleAssets/Materials/NavyGrid.mat using Guid(76ff537c8e1a84345868e6aeee938ab3) Importer(2089858483,934ff659095e30574adcf32a4c2f97b5)  -> (artifact id: '054b64ce781a267c04419a84bf28a059') in 0.004278 seconds 
========================================================================
Received Import Request.
  Time since last request: 0.000959 seconds.
  path: Assets/SampleAssets/Models/FloorPrototype04x01x04.fbx
  artifactKey: Guid(080bc076ed19adb4091adca05de83d66) Importer(2089858483,934ff659095e30574adcf32a4c2f97b5)
Start importing Assets/SampleAssets/Models/FloorPrototype04x01x04.fbx using Guid(080bc076ed19adb4091adca05de83d66) Importer(2089858483,934ff659095e30574adcf32a4c2f97b5)  -> (artifact id: 'c09ff3749b792875762a1431035fe1fe') in 0.008470 seconds 
========================================================================
Received Import Request.
  Time since last request: 0.000644 seconds.
  path: Assets/SampleAssets/Prefabs/PlatformPrototype08x01x08.prefab
  artifactKey: Guid(7f114e6b62ad5134b9ba4e0a01ddc050) Importer(2089858483,934ff659095e30574adcf32a4c2f97b5)
Start importing Assets/SampleAssets/Prefabs/PlatformPrototype08x01x08.prefab using Guid(7f114e6b62ad5134b9ba4e0a01ddc050) Importer(2089858483,934ff659095e30574adcf32a4c2f97b5)  -> (artifact id: '42c9300ab63287ff4059da24739a53e7') in 0.007329 seconds 
========================================================================
Received Import Request.
  Time since last request: 0.000329 seconds.
  path: Assets/SampleAssets/Models/HousePrototype16x16x24.fbx
  artifactKey: Guid(ce7348d724aa0fc44aaf53391b9bae9b) Importer(2089858483,934ff659095e30574adcf32a4c2f97b5)
Start importing Assets/SampleAssets/Models/HousePrototype16x16x24.fbx using Guid(ce7348d724aa0fc44aaf53391b9bae9b) Importer(2089858483,934ff659095e30574adcf32a4c2f97b5)  -> (artifact id: 'edd9df79ffbe5ae24423f1f988a9e150') in 0.011734 seconds 
========================================================================
Received Import Request.
  Time since last request: 0.000441 seconds.
  path: Assets/SampleAssets/Prefabs/PillarPrototype01x02x01.prefab
  artifactKey: Guid(88b5bfec6f1bd17439b2f4339902dca6) Importer(2089858483,934ff659095e30574adcf32a4c2f97b5)
Start importing Assets/SampleAssets/Prefabs/PillarPrototype01x02x01.prefab using Guid(88b5bfec6f1bd17439b2f4339902dca6) Importer(2089858483,934ff659095e30574adcf32a4c2f97b5)  -> (artifact id: 'e4627f09da16545c65bb87fdf24699c1') in 0.007123 seconds 
========================================================================
Received Import Request.
  Time since last request: 0.000360 seconds.
  path: Assets/Scenes/SampleScene.unity
  artifactKey: Guid(9fc0d4010bbf28b4594072e72b8655ab) Importer(2089858483,934ff659095e30574adcf32a4c2f97b5)
Start importing Assets/Scenes/SampleScene.unity using Guid(9fc0d4010bbf28b4594072e72b8655ab) Importer(2089858483,934ff659095e30574adcf32a4c2f97b5)  -> (artifact id: '8eaee4479b5f132d1f0c36daf5c4c4ef') in 0.005334 seconds 
========================================================================
Received Import Request.
  Time since last request: 0.000690 seconds.
  path: Assets/SampleAssets/PlayerCamera/Scripts/ProtectCameraFromWallClip.cs
  artifactKey: Guid(94b04ec3bda6b7747aa53936ef3b0ae2) Importer(2089858483,934ff659095e30574adcf32a4c2f97b5)
Start importing Assets/SampleAssets/PlayerCamera/Scripts/ProtectCameraFromWallClip.cs using Guid(94b04ec3bda6b7747aa53936ef3b0ae2) Importer(2089858483,934ff659095e30574adcf32a4c2f97b5)  -> (artifact id: '50a7c7d1245b0671bd0f1ae3f8a4d984') in 0.010438 seconds 
========================================================================
Received Import Request.
  Time since last request: 0.000730 seconds.
  path: Assets/SampleAssets/Prefabs/StepsPrototype04x02x02.prefab
  artifactKey: Guid(d85d3a32fb6157d488e31edf82b7b1c4) Importer(2089858483,934ff659095e30574adcf32a4c2f97b5)
Start importing Assets/SampleAssets/Prefabs/StepsPrototype04x02x02.prefab using Guid(d85d3a32fb6157d488e31edf82b7b1c4) Importer(2089858483,934ff659095e30574adcf32a4c2f97b5)  -> (artifact id: '0ba1f54c498929b5f1db9a92b01bbef5') in 0.005059 seconds 
========================================================================
Received Import Request.
  Time since last request: 0.000493 seconds.
  path: Assets/SampleAssets/Prefabs/WallPrototype08x08x01.prefab
  artifactKey: Guid(93e86b57e56570d46814839867bf9a52) Importer(2089858483,934ff659095e30574adcf32a4c2f97b5)
Start importing Assets/SampleAssets/Prefabs/WallPrototype08x08x01.prefab using Guid(93e86b57e56570d46814839867bf9a52) Importer(2089858483,934ff659095e30574adcf32a4c2f97b5)  -> (artifact id: '8c0ef5219bedd2f7500c25316e39ef04') in 0.012250 seconds 
========================================================================
Received Import Request.
  Time since last request: 0.000417 seconds.
  path: Assets/Game/Scripts/PlayerCharacter.cs
  artifactKey: Guid(19ae6282c20a37649a5fec55eea1910e) Importer(2089858483,934ff659095e30574adcf32a4c2f97b5)
Start importing Assets/Game/Scripts/PlayerCharacter.cs using Guid(19ae6282c20a37649a5fec55eea1910e) Importer(2089858483,934ff659095e30574adcf32a4c2f97b5)  -> (artifact id: 'e77da43a75e2a140dff75a608dfefdc0') in 0.016337 seconds 
========================================================================
Received Import Request.
  Time since last request: 0.000329 seconds.
  path: Assets/SampleAssets/Models/FloorPrototype08x01x08.fbx
  artifactKey: Guid(16fb769c0394c36469ed40a4f35c1eec) Importer(2089858483,934ff659095e30574adcf32a4c2f97b5)
Start importing Assets/SampleAssets/Models/FloorPrototype08x01x08.fbx using Guid(16fb769c0394c36469ed40a4f35c1eec) Importer(2089858483,934ff659095e30574adcf32a4c2f97b5)  -> (artifact id: '5560a1dbb808e55762c7653a274f4139') in 0.013780 seconds 
========================================================================
Received Import Request.
  Time since last request: 0.000424 seconds.
  path: Assets/SampleAssets/Textures/SwatchMauveAlbedo.png
  artifactKey: Guid(c3edc74ae8207fd45a93c4ed8ee27567) Importer(2089858483,934ff659095e30574adcf32a4c2f97b5)
Start importing Assets/SampleAssets/Textures/SwatchMauveAlbedo.png using Guid(c3edc74ae8207fd45a93c4ed8ee27567) Importer(2089858483,934ff659095e30574adcf32a4c2f97b5)  -> (artifact id: '4a5c43f907e70fbe6cb1ebcdf00fe7f1') in 0.008889 seconds 
========================================================================
Received Import Request.
  Time since last request: 0.000447 seconds.
  path: Assets/SampleAssets/Models/CubePrototype04x04x04.fbx
  artifactKey: Guid(3f79402ff4ca9c54d96a09d1a77540d5) Importer(2089858483,934ff659095e30574adcf32a4c2f97b5)
Start importing Assets/SampleAssets/Models/CubePrototype04x04x04.fbx using Guid(3f79402ff4ca9c54d96a09d1a77540d5) Importer(2089858483,934ff659095e30574adcf32a4c2f97b5)  -> (artifact id: 'a619fcaa90024921a80e5f2523e658c7') in 0.023816 seconds 
========================================================================
Received Import Request.
  Time since last request: 0.000776 seconds.
  path: Assets/Unity.VisualScripting.Generated/VisualScripting.Core/ProjectSettings.asset
  artifactKey: Guid(e2db90271d706a444adb77ad7b2a3bb9) Importer(2089858483,934ff659095e30574adcf32a4c2f97b5)
Start importing Assets/Unity.VisualScripting.Generated/VisualScripting.Core/ProjectSettings.asset using Guid(e2db90271d706a444adb77ad7b2a3bb9) Importer(2089858483,934ff659095e30574adcf32a4c2f97b5)  -> (artifact id: '199920e7b7e8d66621b240822208818c') in 0.045523 seconds 
========================================================================
Received Import Request.
  Time since last request: 0.000546 seconds.
  path: Assets/SampleAssets/Textures/GridEmissive.png
  artifactKey: Guid(a196fd6788131ec459bfb26012466fc1) Importer(2089858483,934ff659095e30574adcf32a4c2f97b5)
Start importing Assets/SampleAssets/Textures/GridEmissive.png using Guid(a196fd6788131ec459bfb26012466fc1) Importer(2089858483,934ff659095e30574adcf32a4c2f97b5)  -> (artifact id: '0a40968a31a6e480ad8dd96ca5a45774') in 0.011273 seconds 
========================================================================
Received Import Request.
  Time since last request: 0.000830 seconds.
  path: Assets/Unity.VisualScripting.Generated/VisualScripting.State/ProjectSettings.asset
  artifactKey: Guid(697e41a8f120e624dbfdc87b2875a68c) Importer(2089858483,934ff659095e30574adcf32a4c2f97b5)
Start importing Assets/Unity.VisualScripting.Generated/VisualScripting.State/ProjectSettings.asset using Guid(697e41a8f120e624dbfdc87b2875a68c) Importer(2089858483,934ff659095e30574adcf32a4c2f97b5)  -> (artifact id: '7207f0af6f92d1747c7bdff95570c345') in 0.011808 seconds 
========================================================================
Received Import Request.
  Time since last request: 0.000499 seconds.
  path: Assets/SampleAssets/Models/RampPrototype04x02x02.fbx
  artifactKey: Guid(b9d7ac1a0f551404f8d32e1e02b64325) Importer(2089858483,934ff659095e30574adcf32a4c2f97b5)
Start importing Assets/SampleAssets/Models/RampPrototype04x02x02.fbx using Guid(b9d7ac1a0f551404f8d32e1e02b64325) Importer(2089858483,934ff659095e30574adcf32a4c2f97b5)  -> (artifact id: 'e554f86b318986c4e644f3f7ca9b4428') in 0.016721 seconds 
========================================================================
Received Import Request.
  Time since last request: 0.000753 seconds.
  path: Assets/SampleAssets/Sound/LevelEnd.wav
  artifactKey: Guid(abd96d35f13f1b74184a3096ac783bed) Importer(2089858483,934ff659095e30574adcf32a4c2f97b5)
Start importing Assets/SampleAssets/Sound/LevelEnd.wav using Guid(abd96d35f13f1b74184a3096ac783bed) Importer(2089858483,934ff659095e30574adcf32a4c2f97b5)  -> (artifact id: '071aa67aeb15525f62c2ca96c804c2a4') in 0.014062 seconds 
========================================================================
Received Import Request.
  Time since last request: 0.000420 seconds.
  path: Assets/SampleAssets/Prefabs/PlatformPrototype02x01x02.prefab
  artifactKey: Guid(45635d5190a12bc4884469b7dcafa846) Importer(2089858483,934ff659095e30574adcf32a4c2f97b5)
Start importing Assets/SampleAssets/Prefabs/PlatformPrototype02x01x02.prefab using Guid(45635d5190a12bc4884469b7dcafa846) Importer(2089858483,934ff659095e30574adcf32a4c2f97b5)  -> (artifact id: 'bd5eae2706229ed99339c88d4e93c235') in 0.006633 seconds 
========================================================================
Received Import Request.
  Time since last request: 0.000467 seconds.
  path: Assets/SampleAssets/Models/FloorPrototype64x01x64.fbx
  artifactKey: Guid(fadddc63520db414bbc9126cbf4743ad) Importer(2089858483,934ff659095e30574adcf32a4c2f97b5)
Start importing Assets/SampleAssets/Models/FloorPrototype64x01x64.fbx using Guid(fadddc63520db414bbc9126cbf4743ad) Importer(2089858483,934ff659095e30574adcf32a4c2f97b5)  -> (artifact id: '794711a77c89d7fe96d3e95902fd5c24') in 0.015752 seconds 
AssetImportWorkerClient::OnTransportError - code=2 error=End of file
